<?xml version="1.0" encoding="UTF-8"?>
<!-- Generated by org.testng.reporters.JUnitReportReporter -->
<testsuite skipped="0" hostname="CBT-MH-000" name="net.tweet.APIAutomation1.Username" tests="1" failures="0" timestamp="31 Oct 2019 05:01:17 GMT" time="9.181" errors="0">
  <testcase name="Third" time="9.181" classname="net.tweet.APIAutomation1.Username"/>
</testsuite> <!-- net.tweet.APIAutomation1.Username -->
