<?xml version="1.0" encoding="UTF-8"?>
<!-- Generated by org.testng.reporters.JUnitReportReporter -->
<testsuite skipped="0" hostname="CBT-MH-000" name="net.tweet.APIAutomation1.Hashtags" tests="1" failures="0" timestamp="31 Oct 2019 05:05:39 GMT" time="11.911" errors="0">
  <testcase name="Sixth" time="11.911" classname="net.tweet.APIAutomation1.Hashtags"/>
</testsuite> <!-- net.tweet.APIAutomation1.Hashtags -->
