<?xml version="1.0" encoding="UTF-8"?>
<!-- Generated by org.testng.reporters.JUnitReportReporter -->
<testsuite skipped="0" hostname="CBT-MH-000" name="net.tweet.APIAutomation1.CreateNewTweet" tests="1" failures="0" timestamp="31 Oct 2019 04:59:35 GMT" time="6.664" errors="0">
  <testcase name="First" time="6.664" classname="net.tweet.APIAutomation1.CreateNewTweet"/>
</testsuite> <!-- net.tweet.APIAutomation1.CreateNewTweet -->
