<?xml version="1.0" encoding="UTF-8"?>
<!-- Generated by org.testng.reporters.JUnitReportReporter -->
<testsuite skipped="0" hostname="CBT-MH-000" name="net.tweet.APIAutomation1.Weather" tests="1" failures="0" timestamp="31 Oct 2019 05:02:27 GMT" time="9.000" errors="0">
  <testcase name="Fourth" time="9.000" classname="net.tweet.APIAutomation1.Weather"/>
</testsuite> <!-- net.tweet.APIAutomation1.Weather -->
