<?xml version="1.0" encoding="UTF-8"?>
<!-- Generated by org.testng.reporters.JUnitReportReporter -->
<testsuite skipped="0" hostname="CBT-MH-000" name="net.tweet.APIAutomation1.Tweet" tests="1" failures="0" timestamp="14 Oct 2019 04:39:36 GMT" time="3.633" errors="0">
  <testcase name="run" time="3.633" classname="net.tweet.APIAutomation1.Tweet"/>
</testsuite> <!-- net.tweet.APIAutomation1.Tweet -->
