<?xml version="1.0" encoding="UTF-8"?>
<!-- Generated by org.testng.reporters.JUnitReportReporter -->
<testsuite skipped="0" hostname="CBT-MH-000" name="net.tweet.APIAutomation1.BlockUser" tests="1" failures="0" timestamp="31 Oct 2019 05:07:08 GMT" time="9.239" errors="0">
  <testcase name="Seventh" time="9.239" classname="net.tweet.APIAutomation1.BlockUser"/>
</testsuite> <!-- net.tweet.APIAutomation1.BlockUser -->
