<?xml version="1.0" encoding="UTF-8"?>
<!-- Generated by org.testng.reporters.JUnitReportReporter -->
<testsuite skipped="0" hostname="CBT-MH-000" name="net.tweet.APIAutomation1.alltweets" tests="1" failures="0" timestamp="31 Oct 2019 05:04:39 GMT" time="10.265" errors="0">
  <testcase name="Fifth" time="10.265" classname="net.tweet.APIAutomation1.alltweets"/>
</testsuite> <!-- net.tweet.APIAutomation1.alltweets -->
