<?xml version="1.0" encoding="UTF-8"?>
<!-- Generated by org.testng.reporters.JUnitReportReporter -->
<testsuite skipped="0" hostname="CBT-MH-000" name="net.tweet.APIAutomation1.TweetRetweet" tests="1" failures="0" timestamp="31 Oct 2019 05:03:57 GMT" time="6.748" errors="0">
  <testcase name="Second" time="6.748" classname="net.tweet.APIAutomation1.TweetRetweet"/>
</testsuite> <!-- net.tweet.APIAutomation1.TweetRetweet -->
